<?xml version="1.0" encoding="UTF-8"?>
<!-- Generated by org.testng.reporters.JUnitXMLReporter -->
<testsuite hostname="LAPTOP-II5TGD7P" name="Default test" tests="1" failures="0" timestamp="7 Nov 2022 16:30:31 GMT" time="0.035" errors="0">
  <testcase name="@BeforeSuite beforeSuite" time="0.0" classname="org.swiggy.scenario.Sample">
    <failure type="java.lang.NoClassDefFoundError" message="freemarker/template/TemplateModelException">
      <![CDATA[java.lang.NoClassDefFoundError: freemarker/template/TemplateModelException
	at org.adacitin.baseclass.CommonUtils.beforeSuite(CommonUtils.java:33)
	at sun.reflect.NativeMethodAccessorImpl.invoke0(Native Method)
	at sun.reflect.NativeMethodAccessorImpl.invoke(Unknown Source)
	at sun.reflect.DelegatingMethodAccessorImpl.invoke(Unknown Source)
	at java.lang.reflect.Method.invoke(Unknown Source)
	at org.testng.internal.MethodInvocationHelper.invokeMethod(MethodInvocationHelper.java:86)
	at org.testng.internal.Invoker.invokeConfigurationMethod(Invoker.java:514)
	at org.testng.internal.Invoker.invokeConfigurations(Invoker.java:215)
	at org.testng.internal.Invoker.invokeConfigurations(Invoker.java:142)
	at org.testng.SuiteRunner.privateRun(SuiteRunner.java:305)
	at org.testng.SuiteRunner.run(SuiteRunner.java:268)
	at org.testng.SuiteRunnerWorker.runSuite(SuiteRunnerWorker.java:52)
	at org.testng.SuiteRunnerWorker.run(SuiteRunnerWorker.java:86)
	at org.testng.TestNG.runSuitesSequentially(TestNG.java:1244)
	at org.testng.TestNG.runSuitesLocally(TestNG.java:1169)
	at org.testng.TestNG.run(TestNG.java:1064)
	at org.testng.remote.RemoteTestNG.run(RemoteTestNG.java:113)
	at org.testng.remote.RemoteTestNG.initAndRun(RemoteTestNG.java:206)
	at org.testng.remote.RemoteTestNG.main(RemoteTestNG.java:177)
Caused by: java.lang.ClassNotFoundException: freemarker.template.TemplateModelException
	at java.net.URLClassLoader.findClass(Unknown Source)
	at java.lang.ClassLoader.loadClass(Unknown Source)
	at sun.misc.Launcher$AppClassLoader.loadClass(Unknown Source)
	at java.lang.ClassLoader.loadClass(Unknown Source)
	... 19 more
]]>
    </failure>
  </testcase> <!-- @BeforeSuite beforeSuite -->
  <testcase name="me" time="0.004" classname="org.swiggy.scenario.Sample">
    <skipped/>
  </testcase> <!-- me -->
</testsuite> <!-- Default test -->
