<?xml version="1.0" encoding="UTF-8"?>
<testng-results skipped="1" failed="0" total="1" passed="0">
  <reporter-output>
  </reporter-output>
  <suite name="Default suite" duration-ms="35" started-at="2022-11-07T16:30:31Z" finished-at="2022-11-07T16:30:31Z">
    <groups>
      <group name="smoke">
        <method signature="Sample.me()[pri:0, instance:org.swiggy.scenario.Sample@1e67b872]" name="me" class="org.swiggy.scenario.Sample"/>
      </group> <!-- smoke -->
    </groups>
    <test name="Default test" duration-ms="35" started-at="2022-11-07T16:30:31Z" finished-at="2022-11-07T16:30:31Z">
      <class name="org.swiggy.scenario.Sample">
        <test-method status="FAIL" signature="beforeSuite()[pri:0, instance:org.swiggy.scenario.Sample@1e67b872]" name="beforeSuite" is-config="true" duration-ms="0" started-at="2022-11-07T22:00:31Z" finished-at="2022-11-07T22:00:31Z">
          <exception class="java.lang.NoClassDefFoundError">
            <message>
              <![CDATA[freemarker/template/TemplateModelException]]>
            </message>
            <full-stacktrace>
              <![CDATA[java.lang.NoClassDefFoundError: freemarker/template/TemplateModelException
	at org.adacitin.baseclass.CommonUtils.beforeSuite(CommonUtils.java:33)
	at sun.reflect.NativeMethodAccessorImpl.invoke0(Native Method)
	at sun.reflect.NativeMethodAccessorImpl.invoke(Unknown Source)
	at sun.reflect.DelegatingMethodAccessorImpl.invoke(Unknown Source)
	at java.lang.reflect.Method.invoke(Unknown Source)
	at org.testng.internal.MethodInvocationHelper.invokeMethod(MethodInvocationHelper.java:86)
	at org.testng.internal.Invoker.invokeConfigurationMethod(Invoker.java:514)
	at org.testng.internal.Invoker.invokeConfigurations(Invoker.java:215)
	at org.testng.internal.Invoker.invokeConfigurations(Invoker.java:142)
	at org.testng.SuiteRunner.privateRun(SuiteRunner.java:305)
	at org.testng.SuiteRunner.run(SuiteRunner.java:268)
	at org.testng.SuiteRunnerWorker.runSuite(SuiteRunnerWorker.java:52)
	at org.testng.SuiteRunnerWorker.run(SuiteRunnerWorker.java:86)
	at org.testng.TestNG.runSuitesSequentially(TestNG.java:1244)
	at org.testng.TestNG.runSuitesLocally(TestNG.java:1169)
	at org.testng.TestNG.run(TestNG.java:1064)
	at org.testng.remote.RemoteTestNG.run(RemoteTestNG.java:113)
	at org.testng.remote.RemoteTestNG.initAndRun(RemoteTestNG.java:206)
	at org.testng.remote.RemoteTestNG.main(RemoteTestNG.java:177)
Caused by: java.lang.ClassNotFoundException: freemarker.template.TemplateModelException
	at java.net.URLClassLoader.findClass(Unknown Source)
	at java.lang.ClassLoader.loadClass(Unknown Source)
	at sun.misc.Launcher$AppClassLoader.loadClass(Unknown Source)
	at java.lang.ClassLoader.loadClass(Unknown Source)
	... 19 more
]]>
            </full-stacktrace>
          </exception> <!-- java.lang.NoClassDefFoundError -->
          <reporter-output>
          </reporter-output>
        </test-method> <!-- beforeSuite -->
        <test-method status="SKIP" signature="me()[pri:0, instance:org.swiggy.scenario.Sample@1e67b872]" name="me" duration-ms="4" started-at="2022-11-07T22:00:31Z" finished-at="2022-11-07T22:00:31Z">
          <reporter-output>
          </reporter-output>
        </test-method> <!-- me -->
        <test-method status="SKIP" signature="endReport()[pri:0, instance:org.swiggy.scenario.Sample@1e67b872]" name="endReport" is-config="true" duration-ms="0" started-at="2022-11-07T22:00:31Z" finished-at="2022-11-07T22:00:31Z">
          <reporter-output>
          </reporter-output>
        </test-method> <!-- endReport -->
      </class> <!-- org.swiggy.scenario.Sample -->
    </test> <!-- Default test -->
  </suite> <!-- Default suite -->
</testng-results>
